2023-03-21 15:24:39,162 ----> ERROR -->could not open port 'COM15': PermissionError(13, 'พพ๘ทรฮสกฃ', None, 5)
2023-03-21 15:24:41,106 ----> ERROR -->could not open port 'COM15': PermissionError(13, 'พพ๘ทรฮสกฃ', None, 5)
2023-03-21 15:24:49,735 ----> ERROR -->could not open port 'COM15': PermissionError(13, 'พพ๘ทรฮสกฃ', None, 5)
2023-03-21 15:24:56,651 ----> ERROR -->name '_pixel' is not defined
2023-03-21 15:25:04,800 ----> ERROR -->'MainServer' object has no attribute 'program'
2023-03-21 15:25:05,811 ----> ERROR -->'MainServer' object has no attribute 'program'
2023-03-21 15:25:12,517 ----> ERROR -->name '_pixel' is not defined
2023-03-21 15:25:15,776 ----> ERROR -->'MainServer' object has no attribute 'program'
2023-03-21 15:25:18,663 ----> ERROR -->could not open port 'COM15': PermissionError(13, 'พพ๘ทรฮสกฃ', None, 5)
2023-03-21 15:25:19,120 ----> ERROR -->could not open port 'COM15': PermissionError(13, 'พพ๘ทรฮสกฃ', None, 5)
2023-03-21 15:25:19,311 ----> ERROR -->could not open port 'COM15': PermissionError(13, 'พพ๘ทรฮสกฃ', None, 5)
2023-03-21 15:25:19,447 ----> ERROR -->could not open port 'COM15': PermissionError(13, 'พพ๘ทรฮสกฃ', None, 5)
2023-03-21 15:25:19,600 ----> ERROR -->could not open port 'COM15': PermissionError(13, 'พพ๘ทรฮสกฃ', None, 5)
2023-03-21 15:25:22,265 ----> ERROR -->could not open port 'COM15': PermissionError(13, 'พพ๘ทรฮสกฃ', None, 5)
2023-03-21 15:25:24,964 ----> ERROR -->'MainServer' object has no attribute 'program'
2023-03-21 15:25:31,908 ----> ERROR -->name '_pixel' is not defined
2023-03-21 15:25:45,736 ----> ERROR -->'MainServer' object has no attribute 'program'
2023-03-21 15:25:46,440 ----> ERROR -->'MainServer' object has no attribute 'program'
2023-03-21 15:26:08,694 ----> ERROR -->name '_pixel' is not defined
2023-03-21 15:26:10,928 ----> ERROR -->'MainServer' object has no attribute 'program'
2023-03-21 15:26:11,433 ----> ERROR -->'MainServer' object has no attribute 'program'
2023-03-21 15:26:24,615 ----> ERROR -->name '_pixel' is not defined
2023-03-21 15:26:26,920 ----> ERROR -->'MainServer' object has no attribute 'program'
2023-03-21 15:26:34,733 ----> ERROR -->name '_pixel' is not defined
2023-03-21 15:26:35,363 ----> ERROR -->'MainServer' object has no attribute 'program'
2023-03-21 15:26:48,638 ----> ERROR -->name '_pixel' is not defined
2023-03-21 15:26:49,119 ----> ERROR -->'MainServer' object has no attribute 'program'
2023-03-21 15:26:50,511 ----> ERROR -->could not open port 'COM15': PermissionError(13, 'พพ๘ทรฮสกฃ', None, 5)
2023-03-21 15:26:50,968 ----> ERROR -->could not open port 'COM15': PermissionError(13, 'พพ๘ทรฮสกฃ', None, 5)
2023-03-21 15:26:51,697 ----> ERROR -->'MainServer' object has no attribute 'program'
2023-03-21 15:33:01,880 ----> ERROR -->could not open port 'COM15': PermissionError(13, 'พพ๘ทรฮสกฃ', None, 5)
2023-03-21 15:33:07,737 ----> ERROR -->'MainServer' object has no attribute 'port'
2023-03-21 15:33:26,328 ----> ERROR -->could not open port 'COM15': PermissionError(13, 'พพ๘ทรฮสกฃ', None, 5)
2023-03-21 15:33:28,264 ----> ERROR -->'MainServer' object has no attribute 'port'
2023-03-21 15:33:35,800 ----> ERROR -->could not open port 'COM15': PermissionError(13, 'พพ๘ทรฮสกฃ', None, 5)
2023-03-21 15:33:37,608 ----> ERROR -->could not open port 'COM15': PermissionError(13, 'พพ๘ทรฮสกฃ', None, 5)
2023-03-21 15:33:39,648 ----> ERROR -->'MainServer' object has no attribute 'port'
2023-03-21 15:34:34,512 ----> ERROR -->could not open port 'COM15': PermissionError(13, 'พพ๘ทรฮสกฃ', None, 5)
2023-03-21 15:34:36,280 ----> ERROR -->could not open port 'COM15': PermissionError(13, 'พพ๘ทรฮสกฃ', None, 5)
2023-03-21 15:34:38,779 ----> ERROR -->'MainServer' object has no attribute 'port'
2023-03-21 15:37:19,176 ----> ERROR -->could not open port 'COM15': PermissionError(13, 'พพ๘ทรฮสกฃ', None, 5)
2023-03-21 15:37:21,135 ----> ERROR -->could not open port 'COM15': PermissionError(13, 'พพ๘ทรฮสกฃ', None, 5)
2023-03-21 15:37:23,486 ----> ERROR -->'MainServer' object has no attribute 'port'
2023-03-21 15:38:05,441 ----> ERROR --><ButtonPress event state=Mod1 num=1 x=12 y=14>
2023-03-21 15:38:06,265 ----> ERROR -->'MainServer' object has no attribute 'port'
2023-03-21 15:38:09,365 ----> ERROR -->'MainServer' object has no attribute 'port'
2023-03-21 15:38:17,127 ----> ERROR --><ButtonPress event state=Mod1 num=1 x=38 y=3>
2023-03-21 15:38:19,781 ----> ERROR -->'MainServer' object has no attribute 'port'
2023-03-21 15:38:20,884 ----> ERROR -->'MainServer' object has no attribute 'port'
2023-03-21 15:38:34,599 ----> ERROR -->could not open port 'COM15': PermissionError(13, 'พพ๘ทรฮสกฃ', None, 5)
2023-03-21 15:38:38,687 ----> ERROR -->could not open port 'COM15': PermissionError(13, 'พพ๘ทรฮสกฃ', None, 5)
2023-03-21 15:38:39,274 ----> ERROR -->'MainServer' object has no attribute 'port'
2023-03-21 15:39:58,785 ----> ERROR -->could not open port 'COM15': PermissionError(13, 'พพ๘ทรฮสกฃ', None, 5)
